2025-06-13 17:12:13,934 INFO: Ohjelma käynnistyi
2025-06-13 17:12:13,934 INFO: Baselinessa 88 eventtiä
2025-06-13 17:12:24,252 INFO: Noudettu 88 tapahtumaa
2025-06-13 17:12:24,253 INFO: Tallennettu päivitetty baseline base_events.json. Status-muuttuneita eventtejä: 0. Poistettu 0 vanhaa eventtiä. Lisättyjä uusia eventtejä: 0.
2025-06-13 17:12:24,253 INFO: Notifikaatioita ei lähetetty yhdellekään eventille.
2025-06-13 17:21:24,888 INFO: Ohjelma käynnistyi
2025-06-13 17:21:24,888 INFO: Baselinessa 88 eventtiä
2025-06-13 17:21:35,804 INFO: Noudettu 88 tapahtumaa
2025-06-13 17:21:35,805 INFO: Tallennettu päivitetty baseline base_events.json. Status-muuttuneita eventtejä: 0. Poistettu 0 vanhaa eventtiä. Lisättyjä uusia eventtejä: 0.
2025-06-13 17:21:35,805 INFO: Notifikaatioita ei lähetetty yhdellekään eventille.
2025-06-13 17:23:19,925 INFO: Ohjelma käynnistyi
2025-06-13 17:23:19,926 INFO: Baselinessa 88 eventtiä
2025-06-13 17:23:30,240 INFO: Noudettu 88 tapahtumaa
2025-06-13 17:23:30,240 INFO: Tallennettu päivitetty baseline base_events.json. Status-muuttuneita eventtejä: 0. Poistettu 0 vanhaa eventtiä. Lisättyjä uusia eventtejä: 0.
2025-06-13 17:23:30,240 INFO: Notifikaatioita ei lähetetty yhdellekään eventille.
2025-06-13 17:29:23,000 INFO: Ohjelma käynnistyi
2025-06-13 17:29:23,000 INFO: Baselinessa 88 eventtiä
2025-06-13 17:29:34,386 INFO: Noudettu 88 tapahtumaa
2025-06-13 17:29:34,387 INFO: Tallennettu päivitetty baseline base_events.json. Status-muuttuneita eventtejä: 0. Poistettu 0 vanhaa eventtiä. Lisättyjä uusia eventtejä: 0.
2025-06-13 17:29:34,387 INFO: Notifikaatioita ei lähetetty yhdellekään eventille.
