2025-06-13 14:50:54,130 INFO: Ohjelma käynnistyi
2025-06-13 14:50:54,130 INFO: Baselinessa 65 eventtiä
2025-06-13 14:51:01,681 INFO: Noudettu 65 tapahtumaa
2025-06-13 14:51:01,681 INFO: Tallennettu päivitetty baseline base_events.json. Status-muuttuneita eventtejä: 0. Poistettu 0 vanhaa eventtiä. Lisättyjä uusia eventtejä: 0.
2025-06-13 14:54:47,646 INFO: Ohjelma käynnistyi
2025-06-13 14:54:47,646 INFO: Baselinessa 65 eventtiä
2025-06-13 14:54:57,012 INFO: Noudettu 65 tapahtumaa
2025-06-13 14:54:57,012 INFO: Tallennettu päivitetty baseline base_events.json. Status-muuttuneita eventtejä: 0. Poistettu 0 vanhaa eventtiä. Lisättyjä uusia eventtejä: 0.
2025-06-13 14:54:57,013 INFO: Notifikaatioita ei lähetetty yhdellekään eventille.
2025-06-13 14:55:39,798 INFO: Ohjelma käynnistyi
2025-06-13 14:55:39,798 INFO: Baselinessa 65 eventtiä
2025-06-13 14:55:47,955 INFO: Noudettu 65 tapahtumaa
2025-06-13 14:55:47,955 INFO: Tallennettu päivitetty baseline base_events.json. Status-muuttuneita eventtejä: 0. Poistettu 0 vanhaa eventtiä. Lisättyjä uusia eventtejä: 0.
2025-06-13 14:55:47,956 INFO: Notifikaatioita ei lähetetty yhdellekään eventille.
2025-06-13 14:55:49,728 INFO: Ohjelma käynnistyi
2025-06-13 14:55:49,729 INFO: Baselinessa 65 eventtiä
2025-06-13 14:55:57,471 INFO: Noudettu 65 tapahtumaa
2025-06-13 14:55:57,472 INFO: Tallennettu päivitetty baseline base_events.json. Status-muuttuneita eventtejä: 0. Poistettu 0 vanhaa eventtiä. Lisättyjä uusia eventtejä: 0.
2025-06-13 14:55:57,472 INFO: Notifikaatioita ei lähetetty yhdellekään eventille.
2025-06-13 14:57:10,983 INFO: Ohjelma käynnistyi
2025-06-13 14:57:10,984 INFO: Baselinessa 65 eventtiä
2025-06-13 14:57:20,931 INFO: Noudettu 88 tapahtumaa
2025-06-13 14:57:20,932 INFO: Uusi eventti: 19129508 (SRA ·SRA-treenit miniriflellä) lisätään baselineen
2025-06-13 14:57:20,932 INFO: Uusi eventti: 19273339 (SRA ·Klondyke SRA) lisätään baselineen
2025-06-13 14:57:20,932 INFO: Uusi eventti: 19273299 (Tarkkuusammunta ·Klondyke TA) lisätään baselineen
2025-06-13 14:57:20,932 INFO: Uusi eventti: 19273256 (Tarkkuusammunta ·Klondyke TA) lisätään baselineen
2025-06-13 14:57:20,932 INFO: Uusi eventti: 19277068 (SRA ·Veturivuoro) lisätään baselineen
2025-06-13 14:57:20,932 INFO: Uusi eventti: 19129509 (SRA ·SRA-treenit miniriflellä) lisätään baselineen
2025-06-13 14:57:20,932 INFO: Uusi eventti: 19273340 (SRA ·Klondyke SRA) lisätään baselineen
2025-06-13 14:57:20,932 INFO: Uusi eventti: 19273372 (SRA ·Klondyke SRA) lisätään baselineen
2025-06-13 14:57:20,932 INFO: Uusi eventti: 19273300 (Tarkkuusammunta ·Klondyke TA) lisätään baselineen
2025-06-13 14:57:20,932 INFO: Uusi eventti: 19273257 (Tarkkuusammunta ·Klondyke TA) lisätään baselineen
2025-06-13 14:57:20,932 INFO: Uusi eventti: 19129510 (SRA ·SRA-treenit miniriflellä) lisätään baselineen
2025-06-13 14:57:20,932 INFO: Uusi eventti: 18867613 (Kilpailu ·VC4) lisätään baselineen
2025-06-13 14:57:20,932 INFO: Uusi eventti: 18890692 (Muu ·megamakkaramerkkarit) lisätään baselineen
2025-06-13 14:57:20,932 INFO: Uusi eventti: 19273341 (SRA ·Klondyke SRA) lisätään baselineen
2025-06-13 14:57:20,932 INFO: Uusi eventti: 19273301 (Tarkkuusammunta ·Klondyke TA) lisätään baselineen
2025-06-13 14:57:20,932 INFO: Uusi eventti: 19273258 (Tarkkuusammunta ·Klondyke TA) lisätään baselineen
2025-06-13 14:57:20,932 INFO: Uusi eventti: 19277070 (SRA ·Veturivuoro) lisätään baselineen
2025-06-13 14:57:20,932 INFO: Uusi eventti: 19129511 (SRA ·SRA-treenit miniriflellä) lisätään baselineen
2025-06-13 14:57:20,932 INFO: Uusi eventti: 19273342 (SRA ·Klondyke SRA) lisätään baselineen
2025-06-13 14:57:20,932 INFO: Uusi eventti: 19273374 (SRA ·Klondyke SRA) lisätään baselineen
2025-06-13 14:57:20,932 INFO: Uusi eventti: 19273302 (Tarkkuusammunta ·Klondyke TA) lisätään baselineen
2025-06-13 14:57:20,932 INFO: Uusi eventti: 19273259 (Tarkkuusammunta ·Klondyke TA) lisätään baselineen
2025-06-13 14:57:20,932 INFO: Uusi eventti: 19129512 (SRA ·SRA-treenit miniriflellä) lisätään baselineen
2025-06-13 14:57:20,933 INFO: Tallennettu päivitetty baseline base_events.json. Status-muuttuneita eventtejä: 0. Poistettu 0 vanhaa eventtiä. Lisättyjä uusia eventtejä: 23.
2025-06-13 14:57:20,933 INFO: Notifikaatioita ei lähetetty yhdellekään eventille.
2025-06-13 17:41:50,691 INFO: Ohjelma käynnistyi
2025-06-13 17:41:50,691 INFO: Baselinessa 88 eventtiä
2025-06-13 17:42:00,922 INFO: Noudettu 88 tapahtumaa
2025-06-13 17:42:00,923 INFO: Tallennettu päivitetty baseline base_events.json. Status-muuttuneita eventtejä: 0. Poistettu 0 vanhaa eventtiä. Lisättyjä uusia eventtejä: 0.
2025-06-13 17:42:00,923 INFO: Notifikaatioita ei lähetetty yhdellekään eventille.
2025-06-13 17:44:55,448 INFO: Ohjelma käynnistyi
2025-06-13 17:44:55,448 INFO: Baselinessa 87 eventtiä
2025-06-13 17:45:05,907 INFO: Noudettu 88 tapahtumaa
2025-06-13 17:45:05,907 INFO: Uusi eventti: 19270752 (Muu ·Honkanummi talkoot) lisätään baselineen
2025-06-13 17:45:05,908 INFO: Tallennettu päivitetty baseline base_events.json. Status-muuttuneita eventtejä: 0. Poistettu 0 vanhaa eventtiä. Lisättyjä uusia eventtejä: 1.
2025-06-13 17:45:05,908 INFO: Notifikaatioita ei lähetetty yhdellekään eventille.
